<?xml version="1.0" encoding="UTF-8"?>
<testng-results skipped="0" failed="0" total="2" passed="2">
  <reporter-output>
  </reporter-output>
  <suite name="Tests.CalculatorTest" duration-ms="20" started-at="2013-06-25T20:56:09Z" finished-at="2013-06-25T20:56:09Z">
    <groups>
    </groups>
    <test name="Command line test" duration-ms="20" started-at="2013-06-25T20:56:09Z" finished-at="2013-06-25T20:56:09Z">
      <class name="Tests.CalculatorTest">
        <test-method status="PASS" signature="addTest1()[pri:0, instance:Tests.CalculatorTest@1bb3e9a]" name="addTest1" duration-ms="9" started-at="2013-06-25T13:56:09Z" finished-at="2013-06-25T13:56:09Z">
          <reporter-output>
          </reporter-output>
        </test-method> <!-- addTest1 -->
        <test-method status="PASS" signature="addTest2()[pri:0, instance:Tests.CalculatorTest@1bb3e9a]" name="addTest2" duration-ms="0" started-at="2013-06-25T13:56:09Z" finished-at="2013-06-25T13:56:09Z">
          <reporter-output>
          </reporter-output>
        </test-method> <!-- addTest2 -->
      </class> <!-- Tests.CalculatorTest -->
    </test> <!-- Command line test -->
  </suite> <!-- Tests.CalculatorTest -->
</testng-results>
