<?xml version="1.0" encoding="UTF-8"?>
<testng-results skipped="0" failed="0" total="1" passed="1">
  <reporter-output>
  </reporter-output>
  <suite name="Default suite" duration-ms="30" started-at="2013-06-25T19:53:18Z" finished-at="2013-06-25T19:53:18Z">
    <groups>
    </groups>
    <test name="Default test" duration-ms="30" started-at="2013-06-25T19:53:18Z" finished-at="2013-06-25T19:53:18Z">
      <class name="Tests.CalculatorTests">
        <test-method status="PASS" signature="addTest()[pri:0, instance:Tests.CalculatorTests@3e59ca]" name="addTest" duration-ms="17" started-at="2013-06-25T12:53:18Z" finished-at="2013-06-25T12:53:18Z">
          <reporter-output>
          </reporter-output>
        </test-method> <!-- addTest -->
      </class> <!-- Tests.CalculatorTests -->
    </test> <!-- Default test -->
  </suite> <!-- Default suite -->
</testng-results>
